2019-02-13 18:39:59,918 - Log4JLogChute initialized using file 'velocity.log'
2019-02-13 18:39:59,919 - Initializing Velocity, Calling init()...
2019-02-13 18:39:59,919 - Starting Apache Velocity v1.7 (compiled: 2010-11-19 12:14:37)
2019-02-13 18:39:59,919 - Default Properties File: org\apache\velocity\runtime\defaults\velocity.properties
2019-02-13 18:39:59,919 - Trying to use logger class org.apache.velocity.runtime.log.AvalonLogChute
2019-02-13 18:39:59,919 - Target log system for org.apache.velocity.runtime.log.AvalonLogChute is not available (java.lang.NoClassDefFoundError: org/apache/log/format/Formatter).  Falling back to next log system...
2019-02-13 18:39:59,919 - Trying to use logger class org.apache.velocity.runtime.log.Log4JLogChute
2019-02-13 18:39:59,919 - Using logger class org.apache.velocity.runtime.log.Log4JLogChute
2019-02-13 18:39:59,923 - ResourceLoader instantiated: org.apache.velocity.runtime.resource.loader.ClasspathResourceLoader
2019-02-13 18:39:59,936 - ResourceCache: initialized (class org.apache.velocity.runtime.resource.ResourceCacheImpl) with class java.util.Collections$SynchronizedMap cache map.
2019-02-13 18:39:59,937 - Loaded System Directive: org.apache.velocity.runtime.directive.Stop
2019-02-13 18:39:59,939 - Loaded System Directive: org.apache.velocity.runtime.directive.Define
2019-02-13 18:39:59,940 - Loaded System Directive: org.apache.velocity.runtime.directive.Break
2019-02-13 18:39:59,941 - Loaded System Directive: org.apache.velocity.runtime.directive.Evaluate
2019-02-13 18:39:59,942 - Loaded System Directive: org.apache.velocity.runtime.directive.Literal
2019-02-13 18:39:59,943 - Loaded System Directive: org.apache.velocity.runtime.directive.Macro
2019-02-13 18:39:59,945 - Loaded System Directive: org.apache.velocity.runtime.directive.Parse
2019-02-13 18:39:59,946 - Loaded System Directive: org.apache.velocity.runtime.directive.Include
2019-02-13 18:39:59,947 - Loaded System Directive: org.apache.velocity.runtime.directive.Foreach
2019-02-13 18:40:00,030 - Created '20' parsers.
2019-02-13 18:40:00,037 - Velocimacro : "velocimacro.library" is not set.  Trying default library: VM_global_library.vm
2019-02-13 18:40:00,038 - Could not load resource 'VM_global_library.vm' from ResourceLoader org.apache.velocity.runtime.resource.loader.ClasspathResourceLoader: ClasspathResourceLoader Error: cannot find resource VM_global_library.vm
2019-02-13 18:40:00,038 - Velocimacro : Default library not found.
2019-02-13 18:40:00,038 - Velocimacro : allowInline = true : VMs can be defined inline in templates
2019-02-13 18:40:00,038 - Velocimacro : allowInlineToOverride = false : VMs defined inline may NOT replace previous VM definitions
2019-02-13 18:40:00,038 - Velocimacro : allowInlineLocal = false : VMs defined inline will be global in scope if allowed.
2019-02-13 18:40:00,038 - Velocimacro : autoload off : VM system will not automatically reload global library macros
2019-02-13 18:40:00,073 - ResourceManager : found /templates/entity.java.vm with loader org.apache.velocity.runtime.resource.loader.ClasspathResourceLoader
2019-02-13 18:40:00,086 - Left side (${versionFieldName}) of '==' operation has null value. If it is a reference, it may not be in the context or its toString() returned null. /templates/entity.java.vm[line 74, column 26]
2019-02-13 18:40:00,086 - Left side (${logicDeleteFieldName}) of '==' operation has null value. If it is a reference, it may not be in the context or its toString() returned null. /templates/entity.java.vm[line 78, column 30]
2019-02-13 18:40:00,087 - Left side (${versionFieldName}) of '==' operation has null value. If it is a reference, it may not be in the context or its toString() returned null. /templates/entity.java.vm[line 74, column 26]
2019-02-13 18:40:00,087 - Left side (${logicDeleteFieldName}) of '==' operation has null value. If it is a reference, it may not be in the context or its toString() returned null. /templates/entity.java.vm[line 78, column 30]
2019-02-13 18:40:00,087 - Left side (${versionFieldName}) of '==' operation has null value. If it is a reference, it may not be in the context or its toString() returned null. /templates/entity.java.vm[line 74, column 26]
2019-02-13 18:40:00,087 - Left side (${logicDeleteFieldName}) of '==' operation has null value. If it is a reference, it may not be in the context or its toString() returned null. /templates/entity.java.vm[line 78, column 30]
2019-02-13 18:40:00,087 - Left side (${versionFieldName}) of '==' operation has null value. If it is a reference, it may not be in the context or its toString() returned null. /templates/entity.java.vm[line 74, column 26]
2019-02-13 18:40:00,087 - Left side (${logicDeleteFieldName}) of '==' operation has null value. If it is a reference, it may not be in the context or its toString() returned null. /templates/entity.java.vm[line 78, column 30]
2019-02-13 18:40:00,087 - Left side (${versionFieldName}) of '==' operation has null value. If it is a reference, it may not be in the context or its toString() returned null. /templates/entity.java.vm[line 74, column 26]
2019-02-13 18:40:00,087 - Left side (${logicDeleteFieldName}) of '==' operation has null value. If it is a reference, it may not be in the context or its toString() returned null. /templates/entity.java.vm[line 78, column 30]
2019-02-13 18:40:00,097 - ResourceManager : found /templates/mapper.java.vm with loader org.apache.velocity.runtime.resource.loader.ClasspathResourceLoader
2019-02-13 18:40:00,104 - ResourceManager : found /templates/mapper.xml.vm with loader org.apache.velocity.runtime.resource.loader.ClasspathResourceLoader
2019-02-13 18:40:00,109 - ResourceManager : found /templates/service.java.vm with loader org.apache.velocity.runtime.resource.loader.ClasspathResourceLoader
2019-02-13 18:40:00,114 - ResourceManager : found /templates/serviceImpl.java.vm with loader org.apache.velocity.runtime.resource.loader.ClasspathResourceLoader
2019-02-13 18:40:00,134 - ResourceManager : found templates/newController.java.vm with loader org.apache.velocity.runtime.resource.loader.ClasspathResourceLoader
